<?xml version="1.0" encoding="UTF-8"?>
<!-- Generated by org.testng.reporters.JUnitReportReporter -->
<testsuite hostname="Shubh" failures="0" tests="2" name="com.tutorialsninja.qa.testcases.SearchTest" time="20.804" errors="0" timestamp="2025-09-25T11:59:51 IST" skipped="0">
  <testcase classname="com.tutorialsninja.qa.testcases.SearchTest" name="checkoutProcessWithoutLogin" time="8.130"/>
  <testcase classname="com.tutorialsninja.qa.testcases.SearchTest" name="checkOutProcessWithLogin" time="12.674"/>
</testsuite> <!-- com.tutorialsninja.qa.testcases.SearchTest -->
