<?xml version="1.0" encoding="UTF-8"?>
<!-- Generated by org.testng.reporters.JUnitReportReporter -->
<testsuite hostname="Shubh" failures="0" tests="3" name="dataProvidersInTestNG.LoginToTutorialsNinjaTest" time="15.542" errors="0" timestamp="2025-09-25T11:24:38 IST" skipped="0">
  <testcase classname="dataProvidersInTestNG.LoginToTutorialsNinjaTest" name="userLogin" time="7.059"/>
  <testcase classname="dataProvidersInTestNG.LoginToTutorialsNinjaTest" name="userLogin" time="3.889"/>
  <testcase classname="dataProvidersInTestNG.LoginToTutorialsNinjaTest" name="userLogin" time="4.594"/>
</testsuite> <!-- dataProvidersInTestNG.LoginToTutorialsNinjaTest -->
