<?xml version="1.0" encoding="UTF-8"?>
<!-- Generated by org.testng.reporters.JUnitReportReporter -->
<testsuite hostname="Shubh" failures="0" tests="2" name="com.tutorialsninja.qa.testcases.SearchTest" time="19.442" errors="0" timestamp="2025-09-30T17:47:37 IST" skipped="0">
  <testcase classname="com.tutorialsninja.qa.testcases.SearchTest" name="checkoutProcessWithoutLogin" time="7.618"/>
  <testcase classname="com.tutorialsninja.qa.testcases.SearchTest" name="checkOutProcessWithLogin" time="11.824"/>
</testsuite> <!-- com.tutorialsninja.qa.testcases.SearchTest -->
