<?xml version="1.0" encoding="UTF-8"?>
<!-- Generated by org.testng.reporters.JUnitReportReporter -->
<testsuite hostname="Shubh" failures="0" tests="4" name="annotationsInTestNG.VerifyTestCaseByAnnotations" time="17.669" errors="0" timestamp="2025-09-15T20:19:20 IST" skipped="0">
  <testcase classname="annotationsInTestNG.VerifyTestCaseByAnnotations" name="loginWithValidCredentials" time="6.109"/>
  <testcase classname="annotationsInTestNG.VerifyTestCaseByAnnotations" name="loginWithInvalidEmailAndValidPassword" time="4.277"/>
  <testcase classname="annotationsInTestNG.VerifyTestCaseByAnnotations" name="loginWithValidUserNameInvalidPassword" time="4.126"/>
  <testcase classname="annotationsInTestNG.VerifyTestCaseByAnnotations" name="loginWithInvalidUserNameInvalidPassword" time="3.157"/>
</testsuite> <!-- annotationsInTestNG.VerifyTestCaseByAnnotations -->
