<?xml version="1.0" encoding="UTF-8"?>
<!-- Generated by org.testng.reporters.JUnitReportReporter -->
<testsuite hostname="Shubh" failures="0" tests="3" name="dependsOnMethodInTestNG.WishListTest" time="5.107" errors="0" timestamp="2025-09-15T22:42:53 IST" skipped="0">
  <testcase classname="dependsOnMethodInTestNG.WishListTest" name="removeProductFromWishlist" time="0.384"/>
  <testcase classname="dependsOnMethodInTestNG.WishListTest" name="userLogin" time="3.491"/>
  <testcase classname="dependsOnMethodInTestNG.WishListTest" name="addProductToWishListAndViewTheWishList" time="1.232"/>
</testsuite> <!-- dependsOnMethodInTestNG.WishListTest -->
