<?xml version="1.0" encoding="UTF-8"?>
<!-- Generated by org.testng.reporters.JUnitReportReporter -->
<testsuite hostname="Shubh" failures="0" tests="4" name="groupingAnnotations.RegisterTest" time="0.013" errors="0" timestamp="2025-09-25T12:20:44 IST" skipped="0">
  <testcase classname="groupingAnnotations.RegisterTest" name="registerByProvidingOnlyMandatoryFields" time="0.010"/>
  <testcase classname="groupingAnnotations.RegisterTest" name="registerByProvidingAllFields" time="0.001"/>
  <testcase classname="groupingAnnotations.RegisterTest" name="registerByNotProvidingAnyFields" time="0.001"/>
  <testcase classname="groupingAnnotations.RegisterTest" name="registerByProvidingDuplicateEmailAddress" time="0.001"/>
</testsuite> <!-- groupingAnnotations.RegisterTest -->
