<?xml version="1.0" encoding="UTF-8"?>
<!-- Generated by org.testng.reporters.JUnitReportReporter -->
<testsuite hostname="Shubh" failures="0" tests="3" name="com.tutorialsninja.qa.testcases.RegisterTest" time="17.386" errors="0" timestamp="2025-09-25T11:59:51 IST" skipped="0">
  <testcase classname="com.tutorialsninja.qa.testcases.RegisterTest" name="registerToTutorialsNinja" time="5.805"/>
  <testcase classname="com.tutorialsninja.qa.testcases.RegisterTest" name="registerToTutorialsNinja" time="5.643"/>
  <testcase classname="com.tutorialsninja.qa.testcases.RegisterTest" name="registerToTutorialsNinja" time="5.938"/>
</testsuite> <!-- com.tutorialsninja.qa.testcases.RegisterTest -->
