<?xml version="1.0" encoding="UTF-8"?>
<!-- Generated by org.testng.reporters.JUnitReportReporter -->
<testsuite hostname="Shubh" failures="0" tests="3" name="test.RegisterTest" time="25.914" errors="0" timestamp="2025-09-19T19:24:21 IST" skipped="0">
  <testcase classname="test.RegisterTest" name="registerToTutorialsNinja" time="6.726"/>
  <testcase classname="test.RegisterTest" name="registerToTutorialsNinja" time="11.423"/>
  <testcase classname="test.RegisterTest" name="registerToTutorialsNinja" time="7.765"/>
</testsuite> <!-- test.RegisterTest -->
