<?xml version="1.0" encoding="UTF-8"?>
<!-- Generated by org.testng.reporters.JUnitReportReporter -->
<testsuite hostname="Shubh" failures="0" tests="3" name="groupingAnnotations.SearchTest" time="0.015" errors="0" timestamp="2025-09-25T18:47:40 IST" skipped="0">
  <testcase classname="groupingAnnotations.SearchTest" name="searchForValidProduct" time="0.013"/>
  <testcase classname="groupingAnnotations.SearchTest" name="searchForInvalidProduct" time="0.001"/>
  <testcase classname="groupingAnnotations.SearchTest" name="searchWithoutAnySearchTeam" time="0.001"/>
</testsuite> <!-- groupingAnnotations.SearchTest -->
