<?xml version="1.0" encoding="UTF-8"?>
<!-- Generated by org.testng.reporters.JUnitReportReporter -->
<testsuite hostname="Shubh" failures="0" tests="3" name="groupingAnnotations.Search" time="0.006" errors="0" timestamp="2025-09-15T23:14:37 IST" skipped="0">
  <testcase classname="groupingAnnotations.Search" name="searchForValidProduct" time="0.002"/>
  <testcase classname="groupingAnnotations.Search" name="searchForInvalidProduct" time="0.003"/>
  <testcase classname="groupingAnnotations.Search" name="searchWithoutAnySearchTeam" time="0.001"/>
</testsuite> <!-- groupingAnnotations.Search -->
