<?xml version="1.0" encoding="UTF-8"?>
<!-- Generated by org.testng.reporters.JUnitReportReporter -->
<testsuite hostname="Shubh" failures="0" tests="3" name="test.Register" time="23.692" errors="0" timestamp="2025-09-19T19:08:48 IST" skipped="0">
  <testcase classname="test.Register" name="registerToTutorialsNinja" time="8.562"/>
  <testcase classname="test.Register" name="registerToTutorialsNinja" time="9.487"/>
  <testcase classname="test.Register" name="registerToTutorialsNinja" time="5.643"/>
</testsuite> <!-- test.Register -->
