<?xml version="1.0" encoding="UTF-8"?>
<!-- Generated by org.testng.reporters.JUnitReportReporter -->
<testsuite hostname="Shubh" failures="0" tests="4" name="groupingAnnotations.Register" time="0.006" errors="0" timestamp="2025-09-15T23:14:37 IST" skipped="0">
  <testcase classname="groupingAnnotations.Register" name="registerByProvidingOnlyMandatoryFields" time="0.001"/>
  <testcase classname="groupingAnnotations.Register" name="registerByProvidingAllFields" time="0.002"/>
  <testcase classname="groupingAnnotations.Register" name="registerByNotProvidingAnyFields" time="0.001"/>
  <testcase classname="groupingAnnotations.Register" name="registerByProvidingDuplicateEmailAddress" time="0.002"/>
</testsuite> <!-- groupingAnnotations.Register -->
