<?xml version="1.0" encoding="UTF-8"?>
<!-- Generated by org.testng.reporters.JUnitReportReporter -->
<testsuite hostname="Shubh" failures="0" tests="3" name="test.Login" time="24.777" errors="0" timestamp="2025-09-17T19:51:01 IST" skipped="0">
  <testcase classname="test.Login" name="loginWithValidCredentials" time="8.170"/>
  <testcase classname="test.Login" name="loginWithValidCredentials" time="10.096"/>
  <testcase classname="test.Login" name="loginWithValidCredentials" time="6.511"/>
</testsuite> <!-- test.Login -->
