<?xml version="1.0" encoding="UTF-8"?>
<!-- Generated by org.testng.reporters.JUnitReportReporter -->
<testsuite hostname="Shubh" failures="0" tests="3" name="com.tutorialsninja.qa.testcases.RegisterTest" time="12.853" errors="0" timestamp="2025-09-30T17:47:37 IST" skipped="0">
  <testcase classname="com.tutorialsninja.qa.testcases.RegisterTest" name="registerToTutorialsNinja" time="3.985"/>
  <testcase classname="com.tutorialsninja.qa.testcases.RegisterTest" name="registerToTutorialsNinja" time="4.288"/>
  <testcase classname="com.tutorialsninja.qa.testcases.RegisterTest" name="registerToTutorialsNinja" time="4.580"/>
</testsuite> <!-- com.tutorialsninja.qa.testcases.RegisterTest -->
